<?xml version="1.0" encoding="UTF-8"?>
<!-- Generated by org.testng.reporters.JUnitReportReporter -->
<testsuite skipped="0" hostname="DESKTOP-7MOHEMN" name="Testng.Sample" tests="1" failures="0" timestamp="15 Feb 2018 11:40:40 GMT" time="8.459" errors="0">
  <testcase name="login" time="8.459" classname="Testng.Sample"/>
</testsuite> <!-- Testng.Sample -->
