<?xml version="1.0" encoding="UTF-8"?>
<!-- Generated by org.testng.reporters.JUnitReportReporter -->
<testsuite skipped="0" hostname="DESKTOP-7MOHEMN" name="scripts.InvalidLogin" tests="1" failures="0" timestamp="21 Feb 2018 11:26:36 GMT" time="15.671" errors="0">
  <testcase name="testInvalidLogin" time="15.671" classname="scripts.InvalidLogin"/>
</testsuite> <!-- scripts.InvalidLogin -->
