<?xml version="1.0" encoding="UTF-8"?>
<!-- Generated by org.testng.reporters.JUnitReportReporter -->
<testsuite skipped="0" hostname="DESKTOP-7MOHEMN" name="scripts.InvaliLogin" tests="1" failures="0" timestamp="04 Nov 2017 08:02:38 GMT" time="13.465" errors="0">
  <testcase name="testInvaliLogin" time="13.465" classname="scripts.InvaliLogin"/>
</testsuite> <!-- scripts.InvaliLogin -->
